2023-02-27 11:09:03,963 INFO p.s.t.TelegramBotShelterForPetsApplication [main] Starting TelegramBotShelterForPetsApplication using Java 17.0.5 with PID 5395 (/home/igor/Project/java/Telegram_Bot_Pets_Shelter/target/classes started by igor in /home/igor/Project/java/Telegram_Bot_Pets_Shelter)
2023-02-27 11:09:03,963 DEBUG p.s.t.TelegramBotShelterForPetsApplication [main] Running with Spring Boot v3.0.2, Spring v6.0.4
2023-02-27 11:09:03,964 INFO p.s.t.TelegramBotShelterForPetsApplication [main] No active profile set, falling back to 1 default profile: "default"
2023-02-27 11:09:04,230 INFO o.s.b.w.e.t.TomcatWebServer [main] Tomcat initialized with port(s): 8080 (http)
2023-02-27 11:09:04,234 INFO o.a.c.h.Http11NioProtocol [main] Initializing ProtocolHandler ["http-nio-8080"]
2023-02-27 11:09:04,234 INFO o.a.c.c.StandardService [main] Starting service [Tomcat]
2023-02-27 11:09:04,234 INFO o.a.c.c.StandardEngine [main] Starting Servlet engine: [Apache Tomcat/10.1.5]
2023-02-27 11:09:04,260 INFO o.a.c.c.C.[.[.[/] [main] Initializing Spring embedded WebApplicationContext
2023-02-27 11:09:04,260 INFO o.s.b.w.s.c.ServletWebServerApplicationContext [main] Root WebApplicationContext: initialization completed in 282 ms
2023-02-27 11:09:04,809 INFO o.a.c.h.Http11NioProtocol [main] Starting ProtocolHandler ["http-nio-8080"]
2023-02-27 11:09:04,814 INFO o.s.b.w.e.t.TomcatWebServer [main] Tomcat started on port(s): 8080 (http) with context path ''
2023-02-27 11:09:04,817 INFO p.s.t.TelegramBotShelterForPetsApplication [main] Started TelegramBotShelterForPetsApplication in 0.972 seconds (process running for 1.184)
2023-02-27 11:16:42,593 INFO p.s.t.TelegramBotShelterForPetsApplication [main] Starting TelegramBotShelterForPetsApplication using Java 17.0.5 with PID 6004 (/home/igor/Project/java/Telegram_Bot_Pets_Shelter/target/classes started by igor in /home/igor/Project/java/Telegram_Bot_Pets_Shelter)
2023-02-27 11:16:42,594 DEBUG p.s.t.TelegramBotShelterForPetsApplication [main] Running with Spring Boot v3.0.2, Spring v6.0.4
2023-02-27 11:16:42,595 INFO p.s.t.TelegramBotShelterForPetsApplication [main] No active profile set, falling back to 1 default profile: "default"
2023-02-27 11:16:42,853 INFO o.s.b.w.e.t.TomcatWebServer [main] Tomcat initialized with port(s): 8080 (http)
2023-02-27 11:16:42,856 INFO o.a.c.h.Http11NioProtocol [main] Initializing ProtocolHandler ["http-nio-8080"]
2023-02-27 11:16:42,857 INFO o.a.c.c.StandardService [main] Starting service [Tomcat]
2023-02-27 11:16:42,857 INFO o.a.c.c.StandardEngine [main] Starting Servlet engine: [Apache Tomcat/10.1.5]
2023-02-27 11:16:42,883 INFO o.a.c.c.C.[.[.[/] [main] Initializing Spring embedded WebApplicationContext
2023-02-27 11:16:42,883 INFO o.s.b.w.s.c.ServletWebServerApplicationContext [main] Root WebApplicationContext: initialization completed in 274 ms
2023-02-27 11:16:43,439 INFO o.a.c.h.Http11NioProtocol [main] Starting ProtocolHandler ["http-nio-8080"]
2023-02-27 11:16:43,444 INFO o.s.b.w.e.t.TomcatWebServer [main] Tomcat started on port(s): 8080 (http) with context path ''
2023-02-27 11:16:43,447 INFO p.s.t.TelegramBotShelterForPetsApplication [main] Started TelegramBotShelterForPetsApplication in 0.973 seconds (process running for 1.178)
2023-02-27 11:23:04,111 INFO p.s.t.TelegramBotShelterForPetsApplication [main] Starting TelegramBotShelterForPetsApplication using Java 17.0.5 with PID 6270 (/home/igor/Project/java/Telegram_Bot_Pets_Shelter/target/classes started by igor in /home/igor/Project/java/Telegram_Bot_Pets_Shelter)
2023-02-27 11:23:04,112 DEBUG p.s.t.TelegramBotShelterForPetsApplication [main] Running with Spring Boot v3.0.2, Spring v6.0.4
2023-02-27 11:23:04,112 INFO p.s.t.TelegramBotShelterForPetsApplication [main] No active profile set, falling back to 1 default profile: "default"
2023-02-27 11:23:04,374 INFO o.s.b.w.e.t.TomcatWebServer [main] Tomcat initialized with port(s): 8080 (http)
2023-02-27 11:23:04,377 INFO o.a.c.h.Http11NioProtocol [main] Initializing ProtocolHandler ["http-nio-8080"]
2023-02-27 11:23:04,378 INFO o.a.c.c.StandardService [main] Starting service [Tomcat]
2023-02-27 11:23:04,378 INFO o.a.c.c.StandardEngine [main] Starting Servlet engine: [Apache Tomcat/10.1.5]
2023-02-27 11:23:04,403 INFO o.a.c.c.C.[.[.[/] [main] Initializing Spring embedded WebApplicationContext
2023-02-27 11:23:04,404 INFO o.s.b.w.s.c.ServletWebServerApplicationContext [main] Root WebApplicationContext: initialization completed in 278 ms
2023-02-27 11:23:05,024 INFO o.a.c.h.Http11NioProtocol [main] Starting ProtocolHandler ["http-nio-8080"]
2023-02-27 11:23:05,029 INFO o.s.b.w.e.t.TomcatWebServer [main] Tomcat started on port(s): 8080 (http) with context path ''
2023-02-27 11:23:05,032 INFO p.s.t.TelegramBotShelterForPetsApplication [main] Started TelegramBotShelterForPetsApplication in 1.038 seconds (process running for 1.255)
2023-02-27 11:56:59,751 INFO p.s.t.TelegramBotShelterForPetsApplication [main] Starting TelegramBotShelterForPetsApplication using Java 17.0.5 with PID 7785 (/home/igor/Project/java/Telegram_Bot_Pets_Shelter/target/classes started by igor in /home/igor/Project/java/Telegram_Bot_Pets_Shelter)
2023-02-27 11:56:59,752 DEBUG p.s.t.TelegramBotShelterForPetsApplication [main] Running with Spring Boot v3.0.2, Spring v6.0.4
2023-02-27 11:56:59,753 INFO p.s.t.TelegramBotShelterForPetsApplication [main] No active profile set, falling back to 1 default profile: "default"
2023-02-27 11:57:00,010 INFO o.s.b.w.e.t.TomcatWebServer [main] Tomcat initialized with port(s): 8080 (http)
2023-02-27 11:57:00,013 INFO o.a.c.h.Http11NioProtocol [main] Initializing ProtocolHandler ["http-nio-8080"]
2023-02-27 11:57:00,013 INFO o.a.c.c.StandardService [main] Starting service [Tomcat]
2023-02-27 11:57:00,014 INFO o.a.c.c.StandardEngine [main] Starting Servlet engine: [Apache Tomcat/10.1.5]
2023-02-27 11:57:00,039 INFO o.a.c.c.C.[.[.[/] [main] Initializing Spring embedded WebApplicationContext
2023-02-27 11:57:00,040 INFO o.s.b.w.s.c.ServletWebServerApplicationContext [main] Root WebApplicationContext: initialization completed in 272 ms
2023-02-27 11:57:00,779 INFO o.a.c.h.Http11NioProtocol [main] Starting ProtocolHandler ["http-nio-8080"]
2023-02-27 11:57:00,784 INFO o.s.b.w.e.t.TomcatWebServer [main] Tomcat started on port(s): 8080 (http) with context path ''
2023-02-27 11:57:00,787 INFO p.s.t.TelegramBotShelterForPetsApplication [main] Started TelegramBotShelterForPetsApplication in 1.155 seconds (process running for 1.364)
2023-02-27 12:02:15,572 INFO p.s.t.TelegramBotShelterForPetsApplication [main] Starting TelegramBotShelterForPetsApplication using Java 17.0.5 with PID 8107 (/home/igor/Project/java/Telegram_Bot_Pets_Shelter/target/classes started by igor in /home/igor/Project/java/Telegram_Bot_Pets_Shelter)
2023-02-27 12:02:15,573 DEBUG p.s.t.TelegramBotShelterForPetsApplication [main] Running with Spring Boot v3.0.2, Spring v6.0.4
2023-02-27 12:02:15,573 INFO p.s.t.TelegramBotShelterForPetsApplication [main] No active profile set, falling back to 1 default profile: "default"
2023-02-27 12:02:15,835 INFO o.s.b.w.e.t.TomcatWebServer [main] Tomcat initialized with port(s): 8080 (http)
2023-02-27 12:02:15,838 INFO o.a.c.h.Http11NioProtocol [main] Initializing ProtocolHandler ["http-nio-8080"]
2023-02-27 12:02:15,838 INFO o.a.c.c.StandardService [main] Starting service [Tomcat]
2023-02-27 12:02:15,838 INFO o.a.c.c.StandardEngine [main] Starting Servlet engine: [Apache Tomcat/10.1.5]
2023-02-27 12:02:15,864 INFO o.a.c.c.C.[.[.[/] [main] Initializing Spring embedded WebApplicationContext
2023-02-27 12:02:15,865 INFO o.s.b.w.s.c.ServletWebServerApplicationContext [main] Root WebApplicationContext: initialization completed in 278 ms
2023-02-27 12:02:16,632 INFO o.a.c.h.Http11NioProtocol [main] Starting ProtocolHandler ["http-nio-8080"]
2023-02-27 12:02:16,636 INFO o.s.b.w.e.t.TomcatWebServer [main] Tomcat started on port(s): 8080 (http) with context path ''
2023-02-27 12:02:16,639 INFO p.s.t.TelegramBotShelterForPetsApplication [main] Started TelegramBotShelterForPetsApplication in 1.189 seconds (process running for 1.395)
2023-02-27 12:07:16,430 INFO p.s.t.TelegramBotShelterForPetsApplication [main] Starting TelegramBotShelterForPetsApplication using Java 17.0.5 with PID 8380 (/home/igor/Project/java/Telegram_Bot_Pets_Shelter/target/classes started by igor in /home/igor/Project/java/Telegram_Bot_Pets_Shelter)
2023-02-27 12:07:16,431 DEBUG p.s.t.TelegramBotShelterForPetsApplication [main] Running with Spring Boot v3.0.2, Spring v6.0.4
2023-02-27 12:07:16,431 INFO p.s.t.TelegramBotShelterForPetsApplication [main] No active profile set, falling back to 1 default profile: "default"
2023-02-27 12:07:16,691 INFO o.s.b.w.e.t.TomcatWebServer [main] Tomcat initialized with port(s): 8080 (http)
2023-02-27 12:07:16,695 INFO o.a.c.h.Http11NioProtocol [main] Initializing ProtocolHandler ["http-nio-8080"]
2023-02-27 12:07:16,695 INFO o.a.c.c.StandardService [main] Starting service [Tomcat]
2023-02-27 12:07:16,695 INFO o.a.c.c.StandardEngine [main] Starting Servlet engine: [Apache Tomcat/10.1.5]
2023-02-27 12:07:16,721 INFO o.a.c.c.C.[.[.[/] [main] Initializing Spring embedded WebApplicationContext
2023-02-27 12:07:16,721 INFO o.s.b.w.s.c.ServletWebServerApplicationContext [main] Root WebApplicationContext: initialization completed in 276 ms
2023-02-27 12:07:17,427 INFO o.a.c.h.Http11NioProtocol [main] Starting ProtocolHandler ["http-nio-8080"]
2023-02-27 12:07:17,432 INFO o.s.b.w.e.t.TomcatWebServer [main] Tomcat started on port(s): 8080 (http) with context path ''
2023-02-27 12:07:17,435 INFO p.s.t.TelegramBotShelterForPetsApplication [main] Started TelegramBotShelterForPetsApplication in 1.127 seconds (process running for 1.339)
